%!Adobe-FontList 1.22
%Locale:0x410

%BeginFont
Handler:DirectoryHandler
FontType:TrueType
FontName:Acrom-Bold
FamilyName:Acrom
StyleName:Bold
FullName:Acrom Bold
MenuName:Acrom Bold
StyleBits:0
WritingScript:Roman
OutlineFileName:C:\Users\Utente\Desktop\tesi\file stampa\Cartella prova impaginato tesi senza bottelli biblio agg\Document fonts\Acrom-Bold.ttf
DataFormat:sfntData
hasSVG:no
VariableFontType:NonVariableFont
FileLength:66612
FileModTime:1498405880
WeightClass:700
WidthClass:5
AngleClass:0
NameArray:0,Mac,4,Acrom Bold
NameArray:0,Win,1,Acrom Bold
NameArray:0,Win,16,Acrom
%EndFont

%BeginFont
Handler:DirectoryHandler
FontType:TrueType
FontName:Acrom-ExtraBold
FamilyName:Acrom
StyleName:ExtraBold
FullName:Acrom ExtraBold
MenuName:Acrom ExtraBold
StyleBits:0
WritingScript:Roman
OutlineFileName:C:\Users\Utente\Desktop\tesi\file stampa\Cartella prova impaginato tesi senza bottelli biblio agg\Document fonts\Acrom-ExtraBold.ttf
DataFormat:sfntData
hasSVG:no
VariableFontType:NonVariableFont
FileLength:66508
FileModTime:1498405880
WeightClass:800
WidthClass:5
AngleClass:0
NameArray:0,Mac,4,Acrom ExtraBold
NameArray:0,Win,1,Acrom ExtraBold
NameArray:0,Win,16,Acrom
%EndFont

%BeginFont
Handler:DirectoryHandler
FontType:TrueType
FontName:Acrom-Light
FamilyName:Acrom
StyleName:Light
FullName:Acrom Light
MenuName:Acrom Light
StyleBits:0
WritingScript:Roman
OutlineFileName:C:\Users\Utente\Desktop\tesi\file stampa\Cartella prova impaginato tesi senza bottelli biblio agg\Document fonts\Acrom-Light.ttf
DataFormat:sfntData
hasSVG:no
VariableFontType:NonVariableFont
FileLength:67656
FileModTime:1498405880
WeightClass:300
WidthClass:5
AngleClass:0
NameArray:0,Mac,4,Acrom Light
NameArray:0,Win,1,Acrom Light
NameArray:0,Win,16,Acrom
%EndFont

%BeginFont
Handler:DirectoryHandler
FontType:TrueType
FontName:Acrom-Medium
FamilyName:Acrom
StyleName:Medium
FullName:Acrom Medium
MenuName:Acrom Medium
StyleBits:0
WritingScript:Roman
OutlineFileName:C:\Users\Utente\Desktop\tesi\file stampa\Cartella prova impaginato tesi senza bottelli biblio agg\Document fonts\Acrom-Medium.ttf
DataFormat:sfntData
hasSVG:no
VariableFontType:NonVariableFont
FileLength:67004
FileModTime:1498405880
WeightClass:500
WidthClass:5
AngleClass:0
NameArray:0,Mac,4,Acrom Medium
NameArray:0,Win,1,Acrom Medium
NameArray:0,Win,16,Acrom
%EndFont

%BeginFont
Handler:DirectoryHandler
FontType:TrueType
FontName:Acrom-Regular
FamilyName:Acrom
StyleName:Regular
FullName:Acrom
MenuName:Acrom
StyleBits:0
WritingScript:Roman
OutlineFileName:C:\Users\Utente\Desktop\tesi\file stampa\Cartella prova impaginato tesi senza bottelli biblio agg\Document fonts\Acrom-Regular.ttf
DataFormat:sfntData
hasSVG:no
VariableFontType:NonVariableFont
FileLength:67176
FileModTime:1498405880
WeightClass:400
WidthClass:5
AngleClass:0
NameArray:0,Mac,4,Acrom
NameArray:0,Win,1,Acrom
%EndFont

%BeginFont
Handler:DirectoryHandler
FontType:TrueType
FontName:Montserrat-Bold
FamilyName:Montserrat
StyleName:Bold
FullName:Montserrat Bold
MenuName:Montserrat
StyleBits:2
WritingScript:Roman
OutlineFileName:C:\Users\Utente\Desktop\tesi\file stampa\Cartella prova impaginato tesi senza bottelli biblio agg\Document fonts\Montserrat-Bold.ttf
DataFormat:sfntData
hasSVG:no
VariableFontType:NonVariableFont
FileLength:244468
FileModTime:1323730800
WeightClass:700
WidthClass:5
AngleClass:0
NameArray:0,Win,1,Montserrat
%EndFont

